# JRE version: OpenJDK Runtime Environment Temurin-21.0.7+6 (21.0.7+6) (build 21.0.7+6-LTS)
# Java VM: OpenJDK 64-Bit Server VM Temurin-21.0.7+6 (21.0.7+6-LTS, mixed mode, sharing, tiered, compressed oops, compressed class ptrs, parallel gc, windows-amd64)
GC Precious Log:
 CardTable entry size: 512
 CPUs: 12 total, 12 available
 Memory: 8135M
 Large Page Support: Disabled
 NUMA Support: Disabled
 Compressed Oops: Enabled (32-bit)
 Alignments: Space 512K, Generation 512K, Heap 2M
 Heap Min Capacity: 100M
 Heap Initial Capacity: 100M
 Heap Max Capacity: 1G
 Pre-touch: Disabled
 Parallel Workers: 10
Heap:
 PSYoungGen      total 23040K, used 7607K [0x00000000eab00000, 0x00000000ec600000, 0x0000000100000000)
  eden space 22016K, 30% used [0x00000000eab00000,0x00000000eb195030,0x00000000ec080000)
  from space 1024K, 84% used [0x00000000ec500000,0x00000000ec5d8fa0,0x00000000ec600000)
  to   space 1024K, 0% used [0x00000000ec400000,0x00000000ec400000,0x00000000ec500000)
 ParOldGen       total 68608K, used 16654K [0x00000000c0000000, 0x00000000c4300000, 0x00000000eab00000)
  object space 68608K, 24% used [0x00000000c0000000,0x00000000c1043a80,0x00000000c4300000)
 Metaspace       used 36994K, committed 38016K, reserved 1114112K
  class space    used 3632K, committed 4096K, reserved 1048576K
GC Heap History (20 events):
Event: 2.763 GC heap before
{Heap before GC invocations=7 (full 1):
 PSYoungGen      total 30208K, used 5629K [0x00000000eab00000, 0x00000000ecf80000, 0x0000000100000000)
  eden space 24576K, 0% used [0x00000000eab00000,0x00000000eab00000,0x00000000ec300000)
  from space 5632K, 99% used [0x00000000ec900000,0x00000000ece7f458,0x00000000ece80000)
  to   space 6144K, 0% used [0x00000000ec300000,0x00000000ec300000,0x00000000ec900000)
 ParOldGen       total 68608K, used 6191K [0x00000000c0000000, 0x00000000c4300000, 0x00000000eab00000)
  object space 68608K, 9% used [0x00000000c0000000,0x00000000c060bca8,0x00000000c4300000)
 Metaspace       used 20918K, committed 21504K, reserved 1114112K
  class space    used 1955K, committed 2176K, reserved 1048576K
}
Event: 2.791 GC heap after
{Heap after GC invocations=7 (full 1):
 PSYoungGen      total 30208K, used 0K [0x00000000eab00000, 0x00000000ecf80000, 0x0000000100000000)
  eden space 24576K, 0% used [0x00000000eab00000,0x00000000eab00000,0x00000000ec300000)
  from space 5632K, 0% used [0x00000000ec900000,0x00000000ec900000,0x00000000ece80000)
  to   space 6144K, 0% used [0x00000000ec300000,0x00000000ec300000,0x00000000ec900000)
 ParOldGen       total 68608K, used 9749K [0x00000000c0000000, 0x00000000c4300000, 0x00000000eab00000)
  object space 68608K, 14% used [0x00000000c0000000,0x00000000c09856a0,0x00000000c4300000)
 Metaspace       used 20906K, committed 21504K, reserved 1114112K
  class space    used 1951K, committed 2176K, reserved 1048576K
}
Event: 3.387 GC heap before
{Heap before GC invocations=8 (full 1):
 PSYoungGen      total 30208K, used 24576K [0x00000000eab00000, 0x00000000ecf80000, 0x0000000100000000)
  eden space 24576K, 100% used [0x00000000eab00000,0x00000000ec300000,0x00000000ec300000)
  from space 5632K, 0% used [0x00000000ec900000,0x00000000ec900000,0x00000000ece80000)
  to   space 6144K, 0% used [0x00000000ec300000,0x00000000ec300000,0x00000000ec900000)
 ParOldGen       total 68608K, used 9749K [0x00000000c0000000, 0x00000000c4300000, 0x00000000eab00000)
  object space 68608K, 14% used [0x00000000c0000000,0x00000000c09856a0,0x00000000c4300000)
 Metaspace       used 24960K, committed 25600K, reserved 1114112K
  class space    used 2369K, committed 2624K, reserved 1048576K
}
Event: 3.390 GC heap after
{Heap after GC invocations=8 (full 1):
 PSYoungGen      total 27136K, used 2656K [0x00000000eab00000, 0x00000000eca80000, 0x0000000100000000)
  eden space 24064K, 0% used [0x00000000eab00000,0x00000000eab00000,0x00000000ec280000)
  from space 3072K, 86% used [0x00000000ec300000,0x00000000ec5981c8,0x00000000ec600000)
  to   space 4096K, 0% used [0x00000000ec680000,0x00000000ec680000,0x00000000eca80000)
 ParOldGen       total 68608K, used 9757K [0x00000000c0000000, 0x00000000c4300000, 0x00000000eab00000)
  object space 68608K, 14% used [0x00000000c0000000,0x00000000c09876a0,0x00000000c4300000)
 Metaspace       used 24960K, committed 25600K, reserved 1114112K
  class space    used 2369K, committed 2624K, reserved 1048576K
}
Event: 3.687 GC heap before
{Heap before GC invocations=9 (full 1):
 PSYoungGen      total 27136K, used 26720K [0x00000000eab00000, 0x00000000eca80000, 0x0000000100000000)
  eden space 24064K, 100% used [0x00000000eab00000,0x00000000ec280000,0x00000000ec280000)
  from space 3072K, 86% used [0x00000000ec300000,0x00000000ec5981c8,0x00000000ec600000)
  to   space 4096K, 0% used [0x00000000ec680000,0x00000000ec680000,0x00000000eca80000)
 ParOldGen       total 68608K, used 9757K [0x00000000c0000000, 0x00000000c4300000, 0x00000000eab00000)
  object space 68608K, 14% used [0x00000000c0000000,0x00000000c09876a0,0x00000000c4300000)
 Metaspace       used 28060K, committed 28864K, reserved 1114112K
  class space    used 2737K, committed 3072K, reserved 1048576K
}
Event: 3.689 GC heap after
{Heap after GC invocations=9 (full 1):
 PSYoungGen      total 27648K, used 3729K [0x00000000eab00000, 0x00000000eca80000, 0x0000000100000000)
  eden space 23552K, 0% used [0x00000000eab00000,0x00000000eab00000,0x00000000ec200000)
  from space 4096K, 91% used [0x00000000ec680000,0x00000000eca245a8,0x00000000eca80000)
  to   space 4096K, 0% used [0x00000000ec280000,0x00000000ec280000,0x00000000ec680000)
 ParOldGen       total 68608K, used 9765K [0x00000000c0000000, 0x00000000c4300000, 0x00000000eab00000)
  object space 68608K, 14% used [0x00000000c0000000,0x00000000c09896a0,0x00000000c4300000)
 Metaspace       used 28060K, committed 28864K, reserved 1114112K
  class space    used 2737K, committed 3072K, reserved 1048576K
}
Event: 5.319 GC heap before
{Heap before GC invocations=10 (full 1):
 PSYoungGen      total 27648K, used 27281K [0x00000000eab00000, 0x00000000eca80000, 0x0000000100000000)
  eden space 23552K, 100% used [0x00000000eab00000,0x00000000ec200000,0x00000000ec200000)
  from space 4096K, 91% used [0x00000000ec680000,0x00000000eca245a8,0x00000000eca80000)
  to   space 4096K, 0% used [0x00000000ec280000,0x00000000ec280000,0x00000000ec680000)
 ParOldGen       total 68608K, used 9765K [0x00000000c0000000, 0x00000000c4300000, 0x00000000eab00000)
  object space 68608K, 14% used [0x00000000c0000000,0x00000000c09896a0,0x00000000c4300000)
 Metaspace       used 31136K, committed 32000K, reserved 1114112K
  class space    used 3060K, committed 3456K, reserved 1048576K
}
Event: 5.323 GC heap after
{Heap after GC invocations=10 (full 1):
 PSYoungGen      total 27136K, used 4081K [0x00000000eab00000, 0x00000000ecb80000, 0x0000000100000000)
  eden space 23040K, 0% used [0x00000000eab00000,0x00000000eab00000,0x00000000ec180000)
  from space 4096K, 99% used [0x00000000ec280000,0x00000000ec67c570,0x00000000ec680000)
  to   space 5120K, 0% used [0x00000000ec680000,0x00000000ec680000,0x00000000ecb80000)
 ParOldGen       total 68608K, used 10243K [0x00000000c0000000, 0x00000000c4300000, 0x00000000eab00000)
  object space 68608K, 14% used [0x00000000c0000000,0x00000000c0a00e38,0x00000000c4300000)
 Metaspace       used 31136K, committed 32000K, reserved 1114112K
  class space    used 3060K, committed 3456K, reserved 1048576K
}
Event: 5.790 GC heap before
{Heap before GC invocations=11 (full 1):
 PSYoungGen      total 27136K, used 27098K [0x00000000eab00000, 0x00000000ecb80000, 0x0000000100000000)
  eden space 23040K, 99% used [0x00000000eab00000,0x00000000ec17a4f8,0x00000000ec180000)
  from space 4096K, 99% used [0x00000000ec280000,0x00000000ec67c570,0x00000000ec680000)
  to   space 5120K, 0% used [0x00000000ec680000,0x00000000ec680000,0x00000000ecb80000)
 ParOldGen       total 68608K, used 10243K [0x00000000c0000000, 0x00000000c4300000, 0x00000000eab00000)
  object space 68608K, 14% used [0x00000000c0000000,0x00000000c0a00e38,0x00000000c4300000)
 Metaspace       used 33680K, committed 34624K, reserved 1114112K
  class space    used 3300K, committed 3712K, reserved 1048576K
}
Event: 5.795 GC heap after
{Heap after GC invocations=11 (full 1):
 PSYoungGen      total 25600K, used 2996K [0x00000000eab00000, 0x00000000ec980000, 0x0000000100000000)
  eden space 22528K, 0% used [0x00000000eab00000,0x00000000eab00000,0x00000000ec100000)
  from space 3072K, 97% used [0x00000000ec680000,0x00000000ec96d240,0x00000000ec980000)
  to   space 3584K, 0% used [0x00000000ec280000,0x00000000ec280000,0x00000000ec600000)
 ParOldGen       total 68608K, used 13261K [0x00000000c0000000, 0x00000000c4300000, 0x00000000eab00000)
  object space 68608K, 19% used [0x00000000c0000000,0x00000000c0cf3780,0x00000000c4300000)
 Metaspace       used 33680K, committed 34624K, reserved 1114112K
  class space    used 3300K, committed 3712K, reserved 1048576K
}
Event: 6.220 GC heap before
{Heap before GC invocations=12 (full 1):
 PSYoungGen      total 25600K, used 25524K [0x00000000eab00000, 0x00000000ec980000, 0x0000000100000000)
  eden space 22528K, 100% used [0x00000000eab00000,0x00000000ec100000,0x00000000ec100000)
  from space 3072K, 97% used [0x00000000ec680000,0x00000000ec96d240,0x00000000ec980000)
  to   space 3584K, 0% used [0x00000000ec280000,0x00000000ec280000,0x00000000ec600000)
 ParOldGen       total 68608K, used 13261K [0x00000000c0000000, 0x00000000c4300000, 0x00000000eab00000)
  object space 68608K, 19% used [0x00000000c0000000,0x00000000c0cf3780,0x00000000c4300000)
 Metaspace       used 34697K, committed 35648K, reserved 1114112K
  class space    used 3422K, committed 3840K, reserved 1048576K
}
Event: 6.222 GC heap after
{Heap after GC invocations=12 (full 1):
 PSYoungGen      total 22528K, used 480K [0x00000000eab00000, 0x00000000ec700000, 0x0000000100000000)
  eden space 22016K, 0% used [0x00000000eab00000,0x00000000eab00000,0x00000000ec080000)
  from space 512K, 93% used [0x00000000ec280000,0x00000000ec2f8010,0x00000000ec300000)
  to   space 1536K, 0% used [0x00000000ec580000,0x00000000ec580000,0x00000000ec700000)
 ParOldGen       total 68608K, used 16124K [0x00000000c0000000, 0x00000000c4300000, 0x00000000eab00000)
  object space 68608K, 23% used [0x00000000c0000000,0x00000000c0fbf218,0x00000000c4300000)
 Metaspace       used 34697K, committed 35648K, reserved 1114112K
  class space    used 3422K, committed 3840K, reserved 1048576K
}
Event: 6.277 GC heap before
{Heap before GC invocations=13 (full 1):
 PSYoungGen      total 22528K, used 4204K [0x00000000eab00000, 0x00000000ec700000, 0x0000000100000000)
  eden space 22016K, 16% used [0x00000000eab00000,0x00000000eaea3040,0x00000000ec080000)
  from space 512K, 93% used [0x00000000ec280000,0x00000000ec2f8010,0x00000000ec300000)
  to   space 1536K, 0% used [0x00000000ec580000,0x00000000ec580000,0x00000000ec700000)
 ParOldGen       total 68608K, used 16124K [0x00000000c0000000, 0x00000000c4300000, 0x00000000eab00000)
  object space 68608K, 23% used [0x00000000c0000000,0x00000000c0fbf218,0x00000000c4300000)
 Metaspace       used 34961K, committed 35840K, reserved 1114112K
  class space    used 3451K, committed 3840K, reserved 1048576K
}
Event: 6.278 GC heap after
{Heap after GC invocations=13 (full 1):
 PSYoungGen      total 22528K, used 448K [0x00000000eab00000, 0x00000000ec600000, 0x0000000100000000)
  eden space 22016K, 0% used [0x00000000eab00000,0x00000000eab00000,0x00000000ec080000)
  from space 512K, 87% used [0x00000000ec580000,0x00000000ec5f0010,0x00000000ec600000)
  to   space 1024K, 0% used [0x00000000ec400000,0x00000000ec400000,0x00000000ec500000)
 ParOldGen       total 68608K, used 16420K [0x00000000c0000000, 0x00000000c4300000, 0x00000000eab00000)
  object space 68608K, 23% used [0x00000000c0000000,0x00000000c1009218,0x00000000c4300000)
 Metaspace       used 34961K, committed 35840K, reserved 1114112K
  class space    used 3451K, committed 3840K, reserved 1048576K
}
Event: 6.278 GC heap before
{Heap before GC invocations=14 (full 2):
 PSYoungGen      total 22528K, used 448K [0x00000000eab00000, 0x00000000ec600000, 0x0000000100000000)
  eden space 22016K, 0% used [0x00000000eab00000,0x00000000eab00000,0x00000000ec080000)
  from space 512K, 87% used [0x00000000ec580000,0x00000000ec5f0010,0x00000000ec600000)
  to   space 1024K, 0% used [0x00000000ec400000,0x00000000ec400000,0x00000000ec500000)
 ParOldGen       total 68608K, used 16420K [0x00000000c0000000, 0x00000000c4300000, 0x00000000eab00000)
  object space 68608K, 23% used [0x00000000c0000000,0x00000000c1009218,0x00000000c4300000)
 Metaspace       used 34961K, committed 35840K, reserved 1114112K
  class space    used 3451K, committed 3840K, reserved 1048576K
}
Event: 6.323 GC heap after
{Heap after GC invocations=14 (full 2):
 PSYoungGen      total 22528K, used 0K [0x00000000eab00000, 0x00000000ec600000, 0x0000000100000000)
  eden space 22016K, 0% used [0x00000000eab00000,0x00000000eab00000,0x00000000ec080000)
  from space 512K, 0% used [0x00000000ec580000,0x00000000ec580000,0x00000000ec600000)
  to   space 1024K, 0% used [0x00000000ec400000,0x00000000ec400000,0x00000000ec500000)
 ParOldGen       total 68608K, used 16166K [0x00000000c0000000, 0x00000000c4300000, 0x00000000eab00000)
  object space 68608K, 23% used [0x00000000c0000000,0x00000000c0fc99d8,0x00000000c4300000)
 Metaspace       used 34943K, committed 35840K, reserved 1114112K
  class space    used 3446K, committed 3840K, reserved 1048576K
}
Event: 6.492 GC heap before
{Heap before GC invocations=15 (full 2):
 PSYoungGen      total 22528K, used 22016K [0x00000000eab00000, 0x00000000ec600000, 0x0000000100000000)
  eden space 22016K, 100% used [0x00000000eab00000,0x00000000ec080000,0x00000000ec080000)
  from space 512K, 0% used [0x00000000ec580000,0x00000000ec580000,0x00000000ec600000)
  to   space 1024K, 0% used [0x00000000ec400000,0x00000000ec400000,0x00000000ec500000)
 ParOldGen       total 68608K, used 16166K [0x00000000c0000000, 0x00000000c4300000, 0x00000000eab00000)
  object space 68608K, 23% used [0x00000000c0000000,0x00000000c0fc99d8,0x00000000c4300000)
 Metaspace       used 35437K, committed 36352K, reserved 1114112K
  class space    used 3488K, committed 3904K, reserved 1048576K
}
Event: 6.493 GC heap after
{Heap after GC invocations=15 (full 2):
 PSYoungGen      total 23040K, used 1020K [0x00000000eab00000, 0x00000000ec600000, 0x0000000100000000)
  eden space 22016K, 0% used [0x00000000eab00000,0x00000000eab00000,0x00000000ec080000)
  from space 1024K, 99% used [0x00000000ec400000,0x00000000ec4ff108,0x00000000ec500000)
  to   space 1024K, 0% used [0x00000000ec500000,0x00000000ec500000,0x00000000ec600000)
 ParOldGen       total 68608K, used 16438K [0x00000000c0000000, 0x00000000c4300000, 0x00000000eab00000)
  object space 68608K, 23% used [0x00000000c0000000,0x00000000c100da80,0x00000000c4300000)
 Metaspace       used 35437K, committed 36352K, reserved 1114112K
  class space    used 3488K, committed 3904K, reserved 1048576K
}
Event: 7.622 GC heap before
{Heap before GC invocations=16 (full 2):
 PSYoungGen      total 23040K, used 23013K [0x00000000eab00000, 0x00000000ec600000, 0x0000000100000000)
  eden space 22016K, 99% used [0x00000000eab00000,0x00000000ec07a368,0x00000000ec080000)
  from space 1024K, 99% used [0x00000000ec400000,0x00000000ec4ff108,0x00000000ec500000)
  to   space 1024K, 0% used [0x00000000ec500000,0x00000000ec500000,0x00000000ec600000)
 ParOldGen       total 68608K, used 16438K [0x00000000c0000000, 0x00000000c4300000, 0x00000000eab00000)
  object space 68608K, 23% used [0x00000000c0000000,0x00000000c100da80,0x00000000c4300000)
 Metaspace       used 36658K, committed 37568K, reserved 1114112K
  class space    used 3586K, committed 4032K, reserved 1048576K
}
Event: 7.623 GC heap after
{Heap after GC invocations=16 (full 2):
 PSYoungGen      total 23040K, used 867K [0x00000000eab00000, 0x00000000ec600000, 0x0000000100000000)
  eden space 22016K, 0% used [0x00000000eab00000,0x00000000eab00000,0x00000000ec080000)
  from space 1024K, 84% used [0x00000000ec500000,0x00000000ec5d8fa0,0x00000000ec600000)
  to   space 1024K, 0% used [0x00000000ec400000,0x00000000ec400000,0x00000000ec500000)
 ParOldGen       total 68608K, used 16654K [0x00000000c0000000, 0x00000000c4300000, 0x00000000eab00000)
  object space 68608K, 24% used [0x00000000c0000000,0x00000000c1043a80,0x00000000c4300000)
 Metaspace       used 36658K, committed 37568K, reserved 1114112K
  class space    used 3586K, committed 4032K, reserved 1048576K
}

