# JRE version: OpenJDK Runtime Environment Temurin-21.0.7+6 (21.0.7+6) (build 21.0.7+6-LTS)
# Java VM: OpenJDK 64-Bit Server VM Temurin-21.0.7+6 (21.0.7+6-LTS, mixed mode, sharing, tiered, compressed oops, compressed class ptrs, parallel gc, windows-amd64)
GC Precious Log:
 CardTable entry size: 512
 CPUs: 12 total, 12 available
 Memory: 8135M
 Large Page Support: Disabled
 NUMA Support: Disabled
 Compressed Oops: Enabled (32-bit)
 Alignments: Space 512K, Generation 512K, Heap 2M
 Heap Min Capacity: 100M
 Heap Initial Capacity: 100M
 Heap Max Capacity: 1G
 Pre-touch: Disabled
 Parallel Workers: 10
Heap:
 PSYoungGen      total 23552K, used 17257K [0x00000000eab00000, 0x00000000ec680000, 0x0000000100000000)
  eden space 22016K, 71% used [0x00000000eab00000,0x00000000eba5ed50,0x00000000ec080000)
  from space 1536K, 98% used [0x00000000ec400000,0x00000000ec57ba40,0x00000000ec580000)
  to   space 1024K, 0% used [0x00000000ec580000,0x00000000ec580000,0x00000000ec680000)
 ParOldGen       total 68608K, used 20387K [0x00000000c0000000, 0x00000000c4300000, 0x00000000eab00000)
  object space 68608K, 29% used [0x00000000c0000000,0x00000000c13e8f30,0x00000000c4300000)
 Metaspace       used 44931K, committed 46080K, reserved 1114112K
  class space    used 4781K, committed 5248K, reserved 1048576K
GC Heap History (20 events):
Event: 4.759 GC heap before
{Heap before GC invocations=10 (full 1):
 PSYoungGen      total 29184K, used 24064K [0x00000000eab00000, 0x00000000ed000000, 0x0000000100000000)
  eden space 24064K, 100% used [0x00000000eab00000,0x00000000ec280000,0x00000000ec280000)
  from space 5120K, 0% used [0x00000000ecb00000,0x00000000ecb00000,0x00000000ed000000)
  to   space 6144K, 0% used [0x00000000ec400000,0x00000000ec400000,0x00000000eca00000)
 ParOldGen       total 68608K, used 13101K [0x00000000c0000000, 0x00000000c4300000, 0x00000000eab00000)
  object space 68608K, 19% used [0x00000000c0000000,0x00000000c0ccb748,0x00000000c4300000)
 Metaspace       used 24421K, committed 25280K, reserved 1114112K
  class space    used 2339K, committed 2688K, reserved 1048576K
}
Event: 4.760 GC heap after
{Heap after GC invocations=10 (full 1):
 PSYoungGen      total 24576K, used 555K [0x00000000eab00000, 0x00000000ecb80000, 0x0000000100000000)
  eden space 23552K, 0% used [0x00000000eab00000,0x00000000eab00000,0x00000000ec200000)
  from space 1024K, 54% used [0x00000000ec400000,0x00000000ec48af30,0x00000000ec500000)
  to   space 2560K, 0% used [0x00000000ec900000,0x00000000ec900000,0x00000000ecb80000)
 ParOldGen       total 68608K, used 13101K [0x00000000c0000000, 0x00000000c4300000, 0x00000000eab00000)
  object space 68608K, 19% used [0x00000000c0000000,0x00000000c0ccb748,0x00000000c4300000)
 Metaspace       used 24421K, committed 25280K, reserved 1114112K
  class space    used 2339K, committed 2688K, reserved 1048576K
}
Event: 4.877 GC heap before
{Heap before GC invocations=11 (full 1):
 PSYoungGen      total 24576K, used 24107K [0x00000000eab00000, 0x00000000ecb80000, 0x0000000100000000)
  eden space 23552K, 100% used [0x00000000eab00000,0x00000000ec200000,0x00000000ec200000)
  from space 1024K, 54% used [0x00000000ec400000,0x00000000ec48af30,0x00000000ec500000)
  to   space 2560K, 0% used [0x00000000ec900000,0x00000000ec900000,0x00000000ecb80000)
 ParOldGen       total 68608K, used 13101K [0x00000000c0000000, 0x00000000c4300000, 0x00000000eab00000)
  object space 68608K, 19% used [0x00000000c0000000,0x00000000c0ccb748,0x00000000c4300000)
 Metaspace       used 26201K, committed 27072K, reserved 1114112K
  class space    used 2523K, committed 2880K, reserved 1048576K
}
Event: 4.879 GC heap after
{Heap after GC invocations=11 (full 1):
 PSYoungGen      total 25600K, used 2408K [0x00000000eab00000, 0x00000000ecb80000, 0x0000000100000000)
  eden space 23040K, 0% used [0x00000000eab00000,0x00000000eab00000,0x00000000ec180000)
  from space 2560K, 94% used [0x00000000ec900000,0x00000000ecb5a2b0,0x00000000ecb80000)
  to   space 3072K, 0% used [0x00000000ec580000,0x00000000ec580000,0x00000000ec880000)
 ParOldGen       total 68608K, used 13109K [0x00000000c0000000, 0x00000000c4300000, 0x00000000eab00000)
  object space 68608K, 19% used [0x00000000c0000000,0x00000000c0ccd748,0x00000000c4300000)
 Metaspace       used 26201K, committed 27072K, reserved 1114112K
  class space    used 2523K, committed 2880K, reserved 1048576K
}
Event: 5.216 GC heap before
{Heap before GC invocations=12 (full 1):
 PSYoungGen      total 25600K, used 25448K [0x00000000eab00000, 0x00000000ecb80000, 0x0000000100000000)
  eden space 23040K, 100% used [0x00000000eab00000,0x00000000ec180000,0x00000000ec180000)
  from space 2560K, 94% used [0x00000000ec900000,0x00000000ecb5a2b0,0x00000000ecb80000)
  to   space 3072K, 0% used [0x00000000ec580000,0x00000000ec580000,0x00000000ec880000)
 ParOldGen       total 68608K, used 13109K [0x00000000c0000000, 0x00000000c4300000, 0x00000000eab00000)
  object space 68608K, 19% used [0x00000000c0000000,0x00000000c0ccd748,0x00000000c4300000)
 Metaspace       used 28913K, committed 29824K, reserved 1114112K
  class space    used 2845K, committed 3264K, reserved 1048576K
}
Event: 5.219 GC heap after
{Heap after GC invocations=12 (full 1):
 PSYoungGen      total 24064K, used 1253K [0x00000000eab00000, 0x00000000ec980000, 0x0000000100000000)
  eden space 22528K, 0% used [0x00000000eab00000,0x00000000eab00000,0x00000000ec100000)
  from space 1536K, 81% used [0x00000000ec580000,0x00000000ec6b9680,0x00000000ec700000)
  to   space 2048K, 0% used [0x00000000ec780000,0x00000000ec780000,0x00000000ec980000)
 ParOldGen       total 68608K, used 15314K [0x00000000c0000000, 0x00000000c4300000, 0x00000000eab00000)
  object space 68608K, 22% used [0x00000000c0000000,0x00000000c0ef4a98,0x00000000c4300000)
 Metaspace       used 28913K, committed 29824K, reserved 1114112K
  class space    used 2845K, committed 3264K, reserved 1048576K
}
Event: 5.460 GC heap before
{Heap before GC invocations=13 (full 1):
 PSYoungGen      total 24064K, used 23781K [0x00000000eab00000, 0x00000000ec980000, 0x0000000100000000)
  eden space 22528K, 100% used [0x00000000eab00000,0x00000000ec100000,0x00000000ec100000)
  from space 1536K, 81% used [0x00000000ec580000,0x00000000ec6b9680,0x00000000ec700000)
  to   space 2048K, 0% used [0x00000000ec780000,0x00000000ec780000,0x00000000ec980000)
 ParOldGen       total 68608K, used 15314K [0x00000000c0000000, 0x00000000c4300000, 0x00000000eab00000)
  object space 68608K, 22% used [0x00000000c0000000,0x00000000c0ef4a98,0x00000000c4300000)
 Metaspace       used 31426K, committed 32448K, reserved 1114112K
  class space    used 3133K, committed 3584K, reserved 1048576K
}
Event: 5.462 GC heap after
{Heap after GC invocations=13 (full 1):
 PSYoungGen      total 23552K, used 1184K [0x00000000eab00000, 0x00000000ec900000, 0x0000000100000000)
  eden space 22016K, 0% used [0x00000000eab00000,0x00000000eab00000,0x00000000ec080000)
  from space 1536K, 77% used [0x00000000ec780000,0x00000000ec8a8000,0x00000000ec900000)
  to   space 1536K, 0% used [0x00000000ec600000,0x00000000ec600000,0x00000000ec780000)
 ParOldGen       total 68608K, used 16353K [0x00000000c0000000, 0x00000000c4300000, 0x00000000eab00000)
  object space 68608K, 23% used [0x00000000c0000000,0x00000000c0ff8450,0x00000000c4300000)
 Metaspace       used 31426K, committed 32448K, reserved 1114112K
  class space    used 3133K, committed 3584K, reserved 1048576K
}
Event: 5.714 GC heap before
{Heap before GC invocations=14 (full 1):
 PSYoungGen      total 23552K, used 23200K [0x00000000eab00000, 0x00000000ec900000, 0x0000000100000000)
  eden space 22016K, 100% used [0x00000000eab00000,0x00000000ec080000,0x00000000ec080000)
  from space 1536K, 77% used [0x00000000ec780000,0x00000000ec8a8000,0x00000000ec900000)
  to   space 1536K, 0% used [0x00000000ec600000,0x00000000ec600000,0x00000000ec780000)
 ParOldGen       total 68608K, used 16353K [0x00000000c0000000, 0x00000000c4300000, 0x00000000eab00000)
  object space 68608K, 23% used [0x00000000c0000000,0x00000000c0ff8450,0x00000000c4300000)
 Metaspace       used 33801K, committed 34816K, reserved 1114112K
  class space    used 3409K, committed 3904K, reserved 1048576K
}
Event: 5.716 GC heap after
{Heap after GC invocations=14 (full 1):
 PSYoungGen      total 23552K, used 1375K [0x00000000eab00000, 0x00000000ec800000, 0x0000000100000000)
  eden space 22016K, 0% used [0x00000000eab00000,0x00000000eab00000,0x00000000ec080000)
  from space 1536K, 89% used [0x00000000ec600000,0x00000000ec757df0,0x00000000ec780000)
  to   space 512K, 0% used [0x00000000ec780000,0x00000000ec780000,0x00000000ec800000)
 ParOldGen       total 68608K, used 17316K [0x00000000c0000000, 0x00000000c4300000, 0x00000000eab00000)
  object space 68608K, 25% used [0x00000000c0000000,0x00000000c10e9240,0x00000000c4300000)
 Metaspace       used 33801K, committed 34816K, reserved 1114112K
  class space    used 3409K, committed 3904K, reserved 1048576K
}
Event: 5.754 GC heap before
{Heap before GC invocations=15 (full 1):
 PSYoungGen      total 23552K, used 9323K [0x00000000eab00000, 0x00000000ec800000, 0x0000000100000000)
  eden space 22016K, 36% used [0x00000000eab00000,0x00000000eb2c3008,0x00000000ec080000)
  from space 1536K, 89% used [0x00000000ec600000,0x00000000ec757df0,0x00000000ec780000)
  to   space 512K, 0% used [0x00000000ec780000,0x00000000ec780000,0x00000000ec800000)
 ParOldGen       total 68608K, used 17316K [0x00000000c0000000, 0x00000000c4300000, 0x00000000eab00000)
  object space 68608K, 25% used [0x00000000c0000000,0x00000000c10e9240,0x00000000c4300000)
 Metaspace       used 34852K, committed 35840K, reserved 1114112K
  class space    used 3535K, committed 3968K, reserved 1048576K
}
Event: 5.755 GC heap after
{Heap after GC invocations=15 (full 1):
 PSYoungGen      total 22528K, used 480K [0x00000000eab00000, 0x00000000ec800000, 0x0000000100000000)
  eden space 22016K, 0% used [0x00000000eab00000,0x00000000eab00000,0x00000000ec080000)
  from space 512K, 93% used [0x00000000ec780000,0x00000000ec7f81a8,0x00000000ec800000)
  to   space 2048K, 0% used [0x00000000ec400000,0x00000000ec400000,0x00000000ec600000)
 ParOldGen       total 68608K, used 18738K [0x00000000c0000000, 0x00000000c4300000, 0x00000000eab00000)
  object space 68608K, 27% used [0x00000000c0000000,0x00000000c124cba8,0x00000000c4300000)
 Metaspace       used 34852K, committed 35840K, reserved 1114112K
  class space    used 3535K, committed 3968K, reserved 1048576K
}
Event: 5.755 GC heap before
{Heap before GC invocations=16 (full 2):
 PSYoungGen      total 22528K, used 480K [0x00000000eab00000, 0x00000000ec800000, 0x0000000100000000)
  eden space 22016K, 0% used [0x00000000eab00000,0x00000000eab00000,0x00000000ec080000)
  from space 512K, 93% used [0x00000000ec780000,0x00000000ec7f81a8,0x00000000ec800000)
  to   space 2048K, 0% used [0x00000000ec400000,0x00000000ec400000,0x00000000ec600000)
 ParOldGen       total 68608K, used 18738K [0x00000000c0000000, 0x00000000c4300000, 0x00000000eab00000)
  object space 68608K, 27% used [0x00000000c0000000,0x00000000c124cba8,0x00000000c4300000)
 Metaspace       used 34852K, committed 35840K, reserved 1114112K
  class space    used 3535K, committed 3968K, reserved 1048576K
}
Event: 5.789 GC heap after
{Heap after GC invocations=16 (full 2):
 PSYoungGen      total 22528K, used 0K [0x00000000eab00000, 0x00000000ec800000, 0x0000000100000000)
  eden space 22016K, 0% used [0x00000000eab00000,0x00000000eab00000,0x00000000ec080000)
  from space 512K, 0% used [0x00000000ec780000,0x00000000ec780000,0x00000000ec800000)
  to   space 2048K, 0% used [0x00000000ec400000,0x00000000ec400000,0x00000000ec600000)
 ParOldGen       total 68608K, used 18048K [0x00000000c0000000, 0x00000000c4300000, 0x00000000eab00000)
  object space 68608K, 26% used [0x00000000c0000000,0x00000000c11a0258,0x00000000c4300000)
 Metaspace       used 34852K, committed 35840K, reserved 1114112K
  class space    used 3535K, committed 3968K, reserved 1048576K
}
Event: 5.914 GC heap before
{Heap before GC invocations=17 (full 2):
 PSYoungGen      total 22528K, used 22016K [0x00000000eab00000, 0x00000000ec800000, 0x0000000100000000)
  eden space 22016K, 100% used [0x00000000eab00000,0x00000000ec080000,0x00000000ec080000)
  from space 512K, 0% used [0x00000000ec780000,0x00000000ec780000,0x00000000ec800000)
  to   space 2048K, 0% used [0x00000000ec400000,0x00000000ec400000,0x00000000ec600000)
 ParOldGen       total 68608K, used 18048K [0x00000000c0000000, 0x00000000c4300000, 0x00000000eab00000)
  object space 68608K, 26% used [0x00000000c0000000,0x00000000c11a0258,0x00000000c4300000)
 Metaspace       used 37016K, committed 38080K, reserved 1114112K
  class space    used 3792K, committed 4224K, reserved 1048576K
}
Event: 5.916 GC heap after
{Heap after GC invocations=17 (full 2):
 PSYoungGen      total 24064K, used 1826K [0x00000000eab00000, 0x00000000ec800000, 0x0000000100000000)
  eden space 22016K, 0% used [0x00000000eab00000,0x00000000eab00000,0x00000000ec080000)
  from space 2048K, 89% used [0x00000000ec400000,0x00000000ec5c8a10,0x00000000ec600000)
  to   space 2048K, 0% used [0x00000000ec600000,0x00000000ec600000,0x00000000ec800000)
 ParOldGen       total 68608K, used 18056K [0x00000000c0000000, 0x00000000c4300000, 0x00000000eab00000)
  object space 68608K, 26% used [0x00000000c0000000,0x00000000c11a2258,0x00000000c4300000)
 Metaspace       used 37016K, committed 38080K, reserved 1114112K
  class space    used 3792K, committed 4224K, reserved 1048576K
}
Event: 6.093 GC heap before
{Heap before GC invocations=18 (full 2):
 PSYoungGen      total 24064K, used 23842K [0x00000000eab00000, 0x00000000ec800000, 0x0000000100000000)
  eden space 22016K, 100% used [0x00000000eab00000,0x00000000ec080000,0x00000000ec080000)
  from space 2048K, 89% used [0x00000000ec400000,0x00000000ec5c8a10,0x00000000ec600000)
  to   space 2048K, 0% used [0x00000000ec600000,0x00000000ec600000,0x00000000ec800000)
 ParOldGen       total 68608K, used 18056K [0x00000000c0000000, 0x00000000c4300000, 0x00000000eab00000)
  object space 68608K, 26% used [0x00000000c0000000,0x00000000c11a2258,0x00000000c4300000)
 Metaspace       used 40547K, committed 41728K, reserved 1114112K
  class space    used 4219K, committed 4736K, reserved 1048576K
}
Event: 6.095 GC heap after
{Heap after GC invocations=18 (full 2):
 PSYoungGen      total 23040K, used 1019K [0x00000000eab00000, 0x00000000ec700000, 0x0000000100000000)
  eden space 22016K, 0% used [0x00000000eab00000,0x00000000eab00000,0x00000000ec080000)
  from space 1024K, 99% used [0x00000000ec600000,0x00000000ec6fec40,0x00000000ec700000)
  to   space 1536K, 0% used [0x00000000ec400000,0x00000000ec400000,0x00000000ec580000)
 ParOldGen       total 68608K, used 19651K [0x00000000c0000000, 0x00000000c4300000, 0x00000000eab00000)
  object space 68608K, 28% used [0x00000000c0000000,0x00000000c1330e18,0x00000000c4300000)
 Metaspace       used 40547K, committed 41728K, reserved 1114112K
  class space    used 4219K, committed 4736K, reserved 1048576K
}
Event: 6.351 GC heap before
{Heap before GC invocations=19 (full 2):
 PSYoungGen      total 23040K, used 23035K [0x00000000eab00000, 0x00000000ec700000, 0x0000000100000000)
  eden space 22016K, 100% used [0x00000000eab00000,0x00000000ec080000,0x00000000ec080000)
  from space 1024K, 99% used [0x00000000ec600000,0x00000000ec6fec40,0x00000000ec700000)
  to   space 1536K, 0% used [0x00000000ec400000,0x00000000ec400000,0x00000000ec580000)
 ParOldGen       total 68608K, used 19651K [0x00000000c0000000, 0x00000000c4300000, 0x00000000eab00000)
  object space 68608K, 28% used [0x00000000c0000000,0x00000000c1330e18,0x00000000c4300000)
 Metaspace       used 43420K, committed 44544K, reserved 1114112K
  class space    used 4603K, committed 5056K, reserved 1048576K
}
Event: 6.352 GC heap after
{Heap after GC invocations=19 (full 2):
 PSYoungGen      total 23552K, used 1518K [0x00000000eab00000, 0x00000000ec680000, 0x0000000100000000)
  eden space 22016K, 0% used [0x00000000eab00000,0x00000000eab00000,0x00000000ec080000)
  from space 1536K, 98% used [0x00000000ec400000,0x00000000ec57ba40,0x00000000ec580000)
  to   space 1024K, 0% used [0x00000000ec580000,0x00000000ec580000,0x00000000ec680000)
 ParOldGen       total 68608K, used 20387K [0x00000000c0000000, 0x00000000c4300000, 0x00000000eab00000)
  object space 68608K, 29% used [0x00000000c0000000,0x00000000c13e8f30,0x00000000c4300000)
 Metaspace       used 43420K, committed 44544K, reserved 1114112K
  class space    used 4603K, committed 5056K, reserved 1048576K
}

